{"C:\\Users\\ngramos\\Documents\\to_learn\\socialnet-react-app\\src\\modules\\dashboard\\Dashboard.tsx": {"path":"C:\\Users\\ngramos\\Documents\\to_learn\\socialnet-react-app\\src\\modules\\dashboard\\Dashboard.tsx","statementMap":{"0":{"start":{"line":5,"column":18},"end":{"line":15,"column":null}},"1":{"start":{"line":11,"column":53},"end":{"line":11,"column":77}}},"fnMap":{"0":{"name":"(anonymous_0)","decl":{"start":{"line":5,"column":18},"end":{"line":5,"column":19}},"loc":{"start":{"line":7,"column":8},"end":{"line":15,"column":null}},"line":7},"1":{"name":"(anonymous_1)","decl":{"start":{"line":11,"column":46},"end":{"line":11,"column":53}},"loc":{"start":{"line":11,"column":46},"end":{"line":11,"column":null}},"line":11}},"branchMap":{},"s":{"0":1,"1":1},"f":{"0":2,"1":1},"b":{},"meta":{"lastBranch":0,"lastFunction":2,"lastStatement":2,"seen":{"s:5:18:15:Infinity":0,"f:5:18:5:19":0,"f:11:46:11:53":1,"s:11:53:11:77":1}}}
,"C:\\Users\\ngramos\\Documents\\to_learn\\socialnet-react-app\\src\\shared\\components\\CustomButton.tsx": {"path":"C:\\Users\\ngramos\\Documents\\to_learn\\socialnet-react-app\\src\\shared\\components\\CustomButton.tsx","statementMap":{"0":{"start":{"line":6,"column":21},"end":{"line":15,"column":null}}},"fnMap":{"0":{"name":"(anonymous_0)","decl":{"start":{"line":6,"column":21},"end":{"line":6,"column":22}},"loc":{"start":{"line":9,"column":8},"end":{"line":15,"column":null}},"line":9}},"branchMap":{},"s":{"0":1},"f":{"0":2},"b":{},"meta":{"lastBranch":0,"lastFunction":1,"lastStatement":1,"seen":{"s:6:21:15:Infinity":0,"f:6:21:6:22":0}}}
}
